<?xml version="1.0" encoding="UTF-8"?>
<testng-results ignored="0" total="1" passed="1" failed="0" skipped="0">
  <reporter-output>
  </reporter-output>
  <suite started-at="2024-01-29T10:02:38Z" name="Default suite" finished-at="2024-01-29T10:02:45Z" duration-ms="7211">
    <groups>
    </groups>
    <test started-at="2024-01-29T10:02:38Z" name="Default test" finished-at="2024-01-29T10:02:45Z" duration-ms="7211">
      <class name="ExcelDriven.excelDriven">
        <test-method signature="AddBookAPI()[pri:0, instance:ExcelDriven.excelDriven@6d5620ce]" started-at="2024-01-29T10:02:38Z" name="AddBookAPI" finished-at="2024-01-29T10:02:45Z" duration-ms="7134" status="PASS">
          <reporter-output>
          </reporter-output>
        </test-method> <!-- AddBookAPI -->
      </class> <!-- ExcelDriven.excelDriven -->
    </test> <!-- Default test -->
  </suite> <!-- Default suite -->
</testng-results>
